<?xml version="1.0" encoding="UTF-8"?>
<!-- Generated by org.testng.reporters.JUnitXMLReporter -->
<testsuite hostname="DESKTOP-NVMA5KS" ignored="0" name="Default test" tests="3" failures="0" timestamp="13 Mar 2019 11:16:46 GMT" time="49.983" errors="0">
  <testcase name="AddtoCartSmoke" time="11.916" classname="tests.SmokeTestCase"/>
  <testcase name="SubmitAddressSmoke" time="5.52" classname="tests.SmokeTestCase"/>
  <testcase name="FillCCSmoke" time="2.773" classname="tests.SmokeTestCase"/>
</testsuite> <!-- Default test -->
