<?xml version="1.0" encoding="UTF-8"?>
<!-- Generated by org.testng.reporters.JUnitXMLReporter -->
<testsuite hostname="DESKTOP-NVMA5KS" ignored="0" name="Default test" tests="5" failures="0" timestamp="12 Mar 2019 13:12:35 GMT" time="69.788" errors="0">
  <testcase name="Add5CDsToCart" time="9.506" classname="tests.AddMusicTestCase"/>
  <testcase name="AddCDToCart" time="6.508" classname="tests.AddMusicTestCase"/>
  <testcase name="AddCassetteToCart" time="9.299" classname="tests.AddMusicTestCase"/>
  <testcase name="AddMp3ToCart" time="3.031" classname="tests.AddMusicTestCase"/>
  <testcase name="AddVinylToCart" time="10.549" classname="tests.AddMusicTestCase"/>
</testsuite> <!-- Default test -->
