<?xml version="1.0" encoding="UTF-8"?>
<!-- Generated by org.testng.reporters.JUnitXMLReporter -->
<testsuite hostname="DESKTOP-NVMA5KS" ignored="0" name="SmokeTest" tests="8" failures="0" timestamp="13 Mar 2019 12:34:34 GMT" time="17.739" errors="0">
  <testcase name="@BeforeClass SetupAmazon" time="17.687" classname="amazon.AmazonBase">
    <failure type="java.lang.AssertionError" message="Account List element was not found">
      <![CDATA[java.lang.AssertionError: Account List element was not found
	at amazon.Pages.LoginPages.Login(LoginPages.java:37)
	at amazon.AmazonBase.SetupAmazon(AmazonBase.java:35)
... Removed 26 stack frames]]>
    </failure>
  </testcase> <!-- @BeforeClass SetupAmazon -->
  <testcase name="@AfterClass CloseBrowser" time="0.0" classname="amazon.AmazonBase">
    <skipped/>
  </testcase> <!-- @AfterClass CloseBrowser -->
  <testcase name="@BeforeClass SetupAmazon" time="0.0" classname="amazon.AmazonBase">
    <skipped/>
  </testcase> <!-- @BeforeClass SetupAmazon -->
  <testcase name="@BeforeClass FindItem" time="0.0" classname="tests.AddMusicTestCase">
    <skipped/>
  </testcase> <!-- @BeforeClass FindItem -->
  <testcase name="@AfterClass CloseBrowser" time="0.0" classname="amazon.AmazonBase">
    <skipped/>
  </testcase> <!-- @AfterClass CloseBrowser -->
  <testcase name="AddtoCartSmoke" time="0.001" classname="tests.SmokeTestCase">
    <skipped/>
  </testcase> <!-- AddtoCartSmoke -->
  <testcase name="SubmitAddressSmoke" time="0.0" classname="tests.SmokeTestCase">
    <skipped/>
  </testcase> <!-- SubmitAddressSmoke -->
  <testcase name="FillCCSmoke" time="0.0" classname="tests.SmokeTestCase">
    <skipped/>
  </testcase> <!-- FillCCSmoke -->
  <testcase name="Add5VinylssToCart" time="0.0" classname="tests.AddMusicTestCase">
    <skipped/>
  </testcase> <!-- Add5VinylssToCart -->
  <testcase name="AddCDToCart" time="0.0" classname="tests.AddMusicTestCase">
    <skipped/>
  </testcase> <!-- AddCDToCart -->
  <testcase name="AddCassetteToCart" time="0.0" classname="tests.AddMusicTestCase">
    <skipped/>
  </testcase> <!-- AddCassetteToCart -->
  <testcase name="AddMp3ToCart" time="0.0" classname="tests.AddMusicTestCase">
    <skipped/>
  </testcase> <!-- AddMp3ToCart -->
  <testcase name="AddVinylToCart" time="0.0" classname="tests.AddMusicTestCase">
    <skipped/>
  </testcase> <!-- AddVinylToCart -->
</testsuite> <!-- SmokeTest -->
