<?xml version="1.0" encoding="UTF-8"?>
<!-- Generated by org.testng.reporters.JUnitXMLReporter -->
<testsuite hostname="DESKTOP-NVMA5KS" ignored="0" name="SmokeTest" tests="8" failures="0" timestamp="12 Mar 2019 14:13:23 GMT" time="116.925" errors="0">
  <testcase name="AddtoCartSmoke" time="10.685" classname="tests.SmokeTestCase"/>
  <testcase name="SubmitAddressSmoke" time="5.557" classname="tests.SmokeTestCase"/>
  <testcase name="FillCCSmoke" time="2.712" classname="tests.SmokeTestCase"/>
  <testcase name="Add5CDsToCart" time="9.692" classname="tests.AddMusicTestCase"/>
  <testcase name="AddCDToCart" time="6.662" classname="tests.AddMusicTestCase"/>
  <testcase name="AddCassetteToCart" time="10.131" classname="tests.AddMusicTestCase"/>
  <testcase name="AddMp3ToCart" time="2.994" classname="tests.AddMusicTestCase"/>
  <testcase name="AddVinylToCart" time="10.097" classname="tests.AddMusicTestCase"/>
</testsuite> <!-- SmokeTest -->
