<?xml version="1.0" encoding="UTF-8"?>
<testng-results skipped="0" failed="0" ignored="0" total="8" passed="8">
  <reporter-output>
    <line>
      <![CDATA[      Cleaning...]]>
    </line>
    <line>
      <![CDATA[      Closing...]]>
    </line>
    <line>
      <![CDATA[      Cleaning...]]>
    </line>
    <line>
      <![CDATA[      Closing...]]>
    </line>
  </reporter-output>
  <suite name="AmazonShopSuite" duration-ms="116925" started-at="2019-03-12T14:11:26Z" finished-at="2019-03-12T14:13:23Z">
    <groups>
    </groups>
    <test name="SmokeTest" duration-ms="116925" started-at="2019-03-12T14:11:26Z" finished-at="2019-03-12T14:13:23Z">
      <class name="tests.SmokeTestCase">
        <test-method status="PASS" signature="SetupAmazon()[pri:0, instance:tests.SmokeTestCase@7823a2f9]" name="SetupAmazon" is-config="true" duration-ms="24914" started-at="2019-03-12T16:11:26Z" finished-at="2019-03-12T16:11:51Z">
          <reporter-output>
            <line>
              <![CDATA[      Cleaning...]]>
            </line>
          </reporter-output>
        </test-method> <!-- SetupAmazon -->
        <test-method status="PASS" signature="AddtoCartSmoke()[pri:0, instance:tests.SmokeTestCase@7823a2f9]" name="AddtoCartSmoke" duration-ms="10685" started-at="2019-03-12T16:11:51Z" description="Test adds an item to the cart, SMOKE" finished-at="2019-03-12T16:12:02Z">
          <reporter-output>
          </reporter-output>
        </test-method> <!-- AddtoCartSmoke -->
        <test-method status="PASS" signature="SubmitAddressSmoke()[pri:0, instance:tests.SmokeTestCase@7823a2f9]" name="SubmitAddressSmoke" duration-ms="5557" started-at="2019-03-12T16:12:02Z" description="Test fills address form and submits it, SMOKE" depends-on-methods="tests.SmokeTestCase.AddtoCartSmoke" finished-at="2019-03-12T16:12:07Z">
          <reporter-output>
          </reporter-output>
        </test-method> <!-- SubmitAddressSmoke -->
        <test-method status="PASS" signature="FillCCSmoke()[pri:0, instance:tests.SmokeTestCase@7823a2f9]" name="FillCCSmoke" duration-ms="2712" started-at="2019-03-12T16:12:07Z" description="Test proceeds to the payment and fills CC information, SMOKE" depends-on-methods="tests.SmokeTestCase.AddtoCartSmoke, tests.SmokeTestCase.SubmitAddressSmoke" finished-at="2019-03-12T16:12:10Z">
          <reporter-output>
          </reporter-output>
        </test-method> <!-- FillCCSmoke -->
        <test-method status="PASS" signature="CloseBrowser()[pri:0, instance:tests.SmokeTestCase@7823a2f9]" name="CloseBrowser" is-config="true" duration-ms="2317" started-at="2019-03-12T16:12:10Z" finished-at="2019-03-12T16:12:12Z">
          <reporter-output>
            <line>
              <![CDATA[      Closing...]]>
            </line>
          </reporter-output>
        </test-method> <!-- CloseBrowser -->
      </class> <!-- tests.SmokeTestCase -->
      <class name="tests.AddMusicTestCase">
        <test-method status="PASS" signature="SetupAmazon()[pri:0, instance:tests.AddMusicTestCase@5c7fa833]" name="SetupAmazon" is-config="true" duration-ms="25020" started-at="2019-03-12T16:12:12Z" finished-at="2019-03-12T16:12:37Z">
          <reporter-output>
            <line>
              <![CDATA[      Cleaning...]]>
            </line>
          </reporter-output>
        </test-method> <!-- SetupAmazon -->
        <test-method status="PASS" signature="FindItem()[pri:0, instance:tests.AddMusicTestCase@5c7fa833]" name="FindItem" is-config="true" duration-ms="3801" started-at="2019-03-12T16:12:37Z" finished-at="2019-03-12T16:12:41Z">
          <reporter-output>
          </reporter-output>
        </test-method> <!-- FindItem -->
        <test-method status="PASS" signature="Add5CDsToCart()[pri:0, instance:tests.AddMusicTestCase@5c7fa833]" name="Add5CDsToCart" duration-ms="9692" started-at="2019-03-12T16:12:41Z" description="Test added and removed 5 Audio CDs" finished-at="2019-03-12T16:12:51Z">
          <reporter-output>
          </reporter-output>
        </test-method> <!-- Add5CDsToCart -->
        <test-method status="PASS" signature="AddCDToCart()[pri:0, instance:tests.AddMusicTestCase@5c7fa833]" name="AddCDToCart" duration-ms="6662" started-at="2019-03-12T16:12:51Z" description="Add all types of music items and removed them from the carts" finished-at="2019-03-12T16:12:58Z">
          <reporter-output>
          </reporter-output>
        </test-method> <!-- AddCDToCart -->
        <test-method status="PASS" signature="AddCassetteToCart()[pri:0, instance:tests.AddMusicTestCase@5c7fa833]" name="AddCassetteToCart" duration-ms="10131" started-at="2019-03-12T16:12:58Z" description="Add all types of music items and removed them from the carts" finished-at="2019-03-12T16:13:08Z">
          <reporter-output>
          </reporter-output>
        </test-method> <!-- AddCassetteToCart -->
        <test-method status="PASS" signature="AddMp3ToCart()[pri:0, instance:tests.AddMusicTestCase@5c7fa833]" name="AddMp3ToCart" duration-ms="2994" started-at="2019-03-12T16:13:08Z" description="Add all types of music items and removed them from the carts" finished-at="2019-03-12T16:13:11Z">
          <reporter-output>
          </reporter-output>
        </test-method> <!-- AddMp3ToCart -->
        <test-method status="PASS" signature="AddVinylToCart()[pri:0, instance:tests.AddMusicTestCase@5c7fa833]" name="AddVinylToCart" duration-ms="10097" started-at="2019-03-12T16:13:11Z" description="Add all types of music items and removed them from the carts" finished-at="2019-03-12T16:13:21Z">
          <reporter-output>
          </reporter-output>
        </test-method> <!-- AddVinylToCart -->
        <test-method status="PASS" signature="CloseBrowser()[pri:0, instance:tests.AddMusicTestCase@5c7fa833]" name="CloseBrowser" is-config="true" duration-ms="2316" started-at="2019-03-12T16:13:21Z" finished-at="2019-03-12T16:13:23Z">
          <reporter-output>
            <line>
              <![CDATA[      Closing...]]>
            </line>
          </reporter-output>
        </test-method> <!-- CloseBrowser -->
      </class> <!-- tests.AddMusicTestCase -->
    </test> <!-- SmokeTest -->
  </suite> <!-- AmazonShopSuite -->
</testng-results>
