<?xml version="1.0" encoding="UTF-8"?>
<testng-results skipped="0" failed="0" ignored="0" total="3" passed="3">
  <reporter-output>
    <line>
      <![CDATA[      Cleaning...]]>
    </line>
    <line>
      <![CDATA[      Closing...]]>
    </line>
  </reporter-output>
  <suite name="Default suite" duration-ms="49983" started-at="2019-03-13T11:15:56Z" finished-at="2019-03-13T11:16:46Z">
    <groups>
    </groups>
    <test name="Default test" duration-ms="49983" started-at="2019-03-13T11:15:56Z" finished-at="2019-03-13T11:16:46Z">
      <class name="tests.SmokeTestCase">
        <test-method status="PASS" signature="SetupAmazon()[pri:0, instance:tests.SmokeTestCase@1d057a39]" name="SetupAmazon" is-config="true" duration-ms="27436" started-at="2019-03-13T13:15:56Z" finished-at="2019-03-13T13:16:23Z">
          <reporter-output>
            <line>
              <![CDATA[      Cleaning...]]>
            </line>
          </reporter-output>
        </test-method> <!-- SetupAmazon -->
        <test-method status="PASS" signature="AddtoCartSmoke()[pri:0, instance:tests.SmokeTestCase@1d057a39]" name="AddtoCartSmoke" duration-ms="11916" started-at="2019-03-13T13:16:23Z" description="Test adds an item to the cart, SMOKE" finished-at="2019-03-13T13:16:35Z">
          <reporter-output>
          </reporter-output>
        </test-method> <!-- AddtoCartSmoke -->
        <test-method status="PASS" signature="SubmitAddressSmoke()[pri:0, instance:tests.SmokeTestCase@1d057a39]" name="SubmitAddressSmoke" duration-ms="5520" started-at="2019-03-13T13:16:35Z" description="Test fills address form and submits it, SMOKE" depends-on-methods="tests.SmokeTestCase.AddtoCartSmoke" finished-at="2019-03-13T13:16:41Z">
          <reporter-output>
          </reporter-output>
        </test-method> <!-- SubmitAddressSmoke -->
        <test-method status="PASS" signature="FillCCSmoke()[pri:0, instance:tests.SmokeTestCase@1d057a39]" name="FillCCSmoke" duration-ms="2773" started-at="2019-03-13T13:16:41Z" description="Test proceeds to the payment and fills CC information, SMOKE" depends-on-methods="tests.SmokeTestCase.AddtoCartSmoke, tests.SmokeTestCase.SubmitAddressSmoke" finished-at="2019-03-13T13:16:44Z">
          <reporter-output>
          </reporter-output>
        </test-method> <!-- FillCCSmoke -->
        <test-method status="PASS" signature="CloseBrowser()[pri:0, instance:tests.SmokeTestCase@1d057a39]" name="CloseBrowser" is-config="true" duration-ms="2321" started-at="2019-03-13T13:16:44Z" finished-at="2019-03-13T13:16:46Z">
          <reporter-output>
            <line>
              <![CDATA[      Closing...]]>
            </line>
          </reporter-output>
        </test-method> <!-- CloseBrowser -->
      </class> <!-- tests.SmokeTestCase -->
    </test> <!-- Default test -->
  </suite> <!-- Default suite -->
</testng-results>
