<?xml version="1.0" encoding="UTF-8"?>
<!-- Generated by org.testng.reporters.JUnitXMLReporter -->
<testsuite hostname="DESKTOP-NVMA5KS" ignored="0" name="TEST NAME GOES HERE" tests="8" failures="0" timestamp="12 Mar 2019 13:48:17 GMT" time="115.878" errors="0">
  <testcase name="AddtoCartSmoke" time="10.756" classname="tests.SmokeTestCase"/>
  <testcase name="SubmitAddressSmoke" time="5.79" classname="tests.SmokeTestCase"/>
  <testcase name="FillCCSmoke" time="2.68" classname="tests.SmokeTestCase"/>
  <testcase name="Add5CDsToCart" time="10.191" classname="tests.AddMusicTestCase"/>
  <testcase name="AddCDToCart" time="6.434" classname="tests.AddMusicTestCase"/>
  <testcase name="AddCassetteToCart" time="10.019" classname="tests.AddMusicTestCase"/>
  <testcase name="AddMp3ToCart" time="2.331" classname="tests.AddMusicTestCase"/>
  <testcase name="AddVinylToCart" time="10.383" classname="tests.AddMusicTestCase"/>
</testsuite> <!-- TEST NAME GOES HERE -->
