<?xml version="1.0" encoding="UTF-8"?>
<!-- Generated by org.testng.reporters.JUnitXMLReporter -->
<testsuite hostname="DESKTOP-NVMA5KS" ignored="0" name="TEST NAME GOES HERE" tests="8" failures="0" timestamp="12 Mar 2019 14:06:17 GMT" time="60.051" errors="0">
  <testcase name="@BeforeClass SetupAmazon" time="13.71" classname="amazon.AmazonBase">
    <failure type="java.util.NoSuchElementException" message="No value present">
      <![CDATA[java.util.NoSuchElementException: No value present
	at java.util.Optional.get(Optional.java:135)
	at amazon.Pages.GlobalPages.OpenDepartment(GlobalPages.java:155)
	at amazon.Pages.MusicPages.OpenMp3Cart(MusicPages.java:19)
	at assets.Cleaner.cleaner(Cleaner.java:15)
	at amazon.AmazonBase.SetupAmazon(AmazonBase.java:33)
... Removed 25 stack frames]]>
    </failure>
  </testcase> <!-- @BeforeClass SetupAmazon -->
  <testcase name="@BeforeClass FindItem" time="0.0" classname="tests.AddMusicTestCase">
    <skipped/>
  </testcase> <!-- @BeforeClass FindItem -->
  <testcase name="@AfterClass CloseBrowser" time="0.0" classname="amazon.AmazonBase">
    <skipped/>
  </testcase> <!-- @AfterClass CloseBrowser -->
  <testcase name="AddtoCartSmoke" time="10.569" classname="tests.SmokeTestCase"/>
  <testcase name="SubmitAddressSmoke" time="5.636" classname="tests.SmokeTestCase"/>
  <testcase name="FillCCSmoke" time="3.274" classname="tests.SmokeTestCase"/>
  <testcase name="Add5CDsToCart" time="0.0" classname="tests.AddMusicTestCase">
    <skipped/>
  </testcase> <!-- Add5CDsToCart -->
  <testcase name="AddCDToCart" time="0.0" classname="tests.AddMusicTestCase">
    <skipped/>
  </testcase> <!-- AddCDToCart -->
  <testcase name="AddCassetteToCart" time="0.0" classname="tests.AddMusicTestCase">
    <skipped/>
  </testcase> <!-- AddCassetteToCart -->
  <testcase name="AddMp3ToCart" time="0.0" classname="tests.AddMusicTestCase">
    <skipped/>
  </testcase> <!-- AddMp3ToCart -->
  <testcase name="AddVinylToCart" time="0.0" classname="tests.AddMusicTestCase">
    <skipped/>
  </testcase> <!-- AddVinylToCart -->
</testsuite> <!-- TEST NAME GOES HERE -->
